<?xml version="1.0" encoding="UTF-8" ?>
<testsuite tests="42" failures="2" name="runner.RunTest" time="21.754" errors="0" skipped="0">
  <properties>
    <property name="java.runtime.name" value="Java(TM) SE Runtime Environment"/>
    <property name="sun.boot.library.path" value="C:\Program Files\Java\jdk1.8.0_11\jre\bin"/>
    <property name="java.vm.version" value="25.11-b03"/>
    <property name="user.country.format" value="UA"/>
    <property name="java.vm.vendor" value="Oracle Corporation"/>
    <property name="java.vendor.url" value="http://java.oracle.com/"/>
    <property name="path.separator" value=";"/>
    <property name="guice.disable.misplaced.annotation.check" value="true"/>
    <property name="java.vm.name" value="Java HotSpot(TM) 64-Bit Server VM"/>
    <property name="file.encoding.pkg" value="sun.io"/>
    <property name="user.script" value=""/>
    <property name="user.country" value="US"/>
    <property name="sun.java.launcher" value="SUN_STANDARD"/>
    <property name="sun.os.patch.level" value="Service Pack 1"/>
    <property name="java.vm.specification.name" value="Java Virtual Machine Specification"/>
    <property name="user.dir" value="C:\Users\ozayats.LOHIKA\IdeaProjects\bdd_tem_features"/>
    <property name="java.runtime.version" value="1.8.0_11-b12"/>
    <property name="java.awt.graphicsenv" value="sun.awt.Win32GraphicsEnvironment"/>
    <property name="java.endorsed.dirs" value="C:\Program Files\Java\jdk1.8.0_11\jre\lib\endorsed"/>
    <property name="os.arch" value="amd64"/>
    <property name="java.io.tmpdir" value="C:\Users\OZAYAT~1.LOH\AppData\Local\Temp\"/>
    <property name="line.separator" value="
"/>
    <property name="java.vm.specification.vendor" value="Oracle Corporation"/>
    <property name="user.variant" value=""/>
    <property name="os.name" value="Windows 7"/>
    <property name="classworlds.conf" value="C:\Program Files (x86)\apache-maven-3.0.4\bin\m2.conf"/>
    <property name="sun.jnu.encoding" value="Cp1251"/>
    <property name="java.library.path" value="C:\Program Files\Java\jdk1.8.0_11\bin;C:\Windows\Sun\Java\bin;C:\Windows\system32;C:\Windows;C:\Program Files\ImageMagick-6.9.3-Q16;C:\Program Files (x86)\Git\cmd;C:\ProgramData\Oracle\Java\javapath;C:\Program Files\Common Files\Microsoft Shared\Microsoft Online Services;C:\Program Files (x86)\Common Files\Microsoft Shared\Microsoft Online Services;C:\Windows\system32;C:\Windows;C:\Windows\System32\Wbem;C:\Windows\System32\WindowsPowerShell\v1.0\;C:\Program Files (x86)\Intel\OpenCL SDK\2.0\bin\x86;C:\Program Files (x86)\Intel\OpenCL SDK\2.0\bin\x64;C:\Program Files\Java\jdk1.8.0_11\bin;C:\Program Files (x86)\apache-maven-3.0.4\bin;C:\Program Files\TortoiseSVN\bin;C:\Program Files (x86)\QuickTime\QTSystem\;C:\PROGRA~2\Groovy\GROOVY~1.6\bin;C:\Program Files (x86)\Skype\Phone\;."/>
    <property name="java.specification.name" value="Java Platform API Specification"/>
    <property name="java.class.version" value="52.0"/>
    <property name="sun.management.compiler" value="HotSpot 64-Bit Tiered Compilers"/>
    <property name="os.version" value="6.1"/>
    <property name="user.home" value="C:\Users\ozayats.LOHIKA"/>
    <property name="user.timezone" value="Europe/Helsinki"/>
    <property name="java.awt.printerjob" value="sun.awt.windows.WPrinterJob"/>
    <property name="java.specification.version" value="1.8"/>
    <property name="file.encoding" value="Cp1251"/>
    <property name="user.name" value="ozayats"/>
    <property name="java.class.path" value="C:\Program Files (x86)\apache-maven-3.0.4\boot\plexus-classworlds-2.4.jar"/>
    <property name="java.vm.specification.version" value="1.8"/>
    <property name="sun.arch.data.model" value="64"/>
    <property name="java.home" value="C:\Program Files\Java\jdk1.8.0_11\jre"/>
    <property name="sun.java.command" value="org.codehaus.plexus.classworlds.launcher.Launcher clean test"/>
    <property name="java.specification.vendor" value="Oracle Corporation"/>
    <property name="user.language" value="en"/>
    <property name="user.language.format" value="uk"/>
    <property name="awt.toolkit" value="sun.awt.windows.WToolkit"/>
    <property name="java.vm.info" value="mixed mode"/>
    <property name="java.version" value="1.8.0_11"/>
    <property name="java.ext.dirs" value="C:\Program Files\Java\jdk1.8.0_11\jre\lib\ext;C:\Windows\Sun\Java\lib\ext"/>
    <property name="sun.boot.class.path" value="C:\Program Files\Java\jdk1.8.0_11\jre\lib\resources.jar;C:\Program Files\Java\jdk1.8.0_11\jre\lib\rt.jar;C:\Program Files\Java\jdk1.8.0_11\jre\lib\sunrsasign.jar;C:\Program Files\Java\jdk1.8.0_11\jre\lib\jsse.jar;C:\Program Files\Java\jdk1.8.0_11\jre\lib\jce.jar;C:\Program Files\Java\jdk1.8.0_11\jre\lib\charsets.jar;C:\Program Files\Java\jdk1.8.0_11\jre\lib\jfr.jar;C:\Program Files\Java\jdk1.8.0_11\jre\classes"/>
    <property name="sun.stderr.encoding" value="cp866"/>
    <property name="java.vendor" value="Oracle Corporation"/>
    <property name="maven.home" value="C:\Program Files (x86)\apache-maven-3.0.4"/>
    <property name="file.separator" value="\"/>
    <property name="java.vendor.url.bug" value="http://bugreport.sun.com/bugreport/"/>
    <property name="sun.cpu.endian" value="little"/>
    <property name="sun.io.unicode.encoding" value="UnicodeLittle"/>
    <property name="sun.stdout.encoding" value="cp866"/>
    <property name="sun.desktop" value="windows"/>
    <property name="sun.cpu.isalist" value="amd64"/>
  </properties>
  <testcase classname="Scenario: Open browser" name="Given new instance of Selenium WebDriver" time="0.001"/>
  <testcase classname="Scenario: Open browser" name="Scenario: Open browser" time="0.011"/>
  <testcase classname="Scenario: Verify that TEM user was login on Portal and FDD page is open" name="When user navigates to \&apos;http:\/\/54.235.118.15:8080\&apos;" time="0"/>
  <testcase classname="Scenario: Verify that TEM user was login on Portal and FDD page is open" name="And user login using the Username as \&apos;tem@mailinator.com\&apos; and the Password as \&apos;Vadmin123\&apos;" time="0.001"/>
  <testcase classname="Scenario: Verify that TEM user was login on Portal and FDD page is open" name="And widget page is open" time="0"/>
  <testcase classname="Scenario: Verify that TEM user was login on Portal and FDD page is open" name="And user navigates to new FDD report page \&apos;http:\/\/54.235.118.15:8080\/#\/fdd-report\&apos;" time="0"/>
  <testcase classname="Scenario: Verify that TEM user was login on Portal and FDD page is open" name="Then base FDD elements are visible" time="0.002">
    <failure type="java.lang.AssertionError">java.lang.AssertionError
	at org.junit.Assert.fail(Assert.java:86)
	at org.junit.Assert.assertTrue(Assert.java:41)
	at org.junit.Assert.assertTrue(Assert.java:52)
	at steps.StepsImplementation.base_FDD_elements_are_visible(StepsImplementation.java:59)
	at ✽.Then base FDD elements are visible(baseFdd.feature:11)
</failure>
  </testcase>
  <testcase classname="Scenario: Verify that TEM user was login on Portal and FDD page is open" name="Scenario: Verify that TEM user was login on Portal and FDD page is open" time="0.002">
    <failure type="java.lang.AssertionError">java.lang.AssertionError
	at org.junit.Assert.fail(Assert.java:86)
	at org.junit.Assert.assertTrue(Assert.java:41)
	at org.junit.Assert.assertTrue(Assert.java:52)
	at steps.StepsImplementation.base_FDD_elements_are_visible(StepsImplementation.java:59)
	at ✽.Then base FDD elements are visible(baseFdd.feature:11)
</failure>
  </testcase>
  <testcase classname="When open first FDD fault(Scenario: Fault reports can be loaded in reasonable time (bug EPE-1723))" name="When open first FDD fault" time="0"/>
  <testcase classname="Then fault page is opened in the range of time from 1 to 5 seconds(Scenario: Fault reports can be loaded in reasonable time (bug EPE-1723))" name="Then fault page is opened in the range of time from 1 to 5 seconds" time="0"/>
  <testcase classname="bug EPE-1723" name="Scenario: Fault reports can be loaded in reasonable time " time="0"/>
  <testcase classname="When click on CSV export button(Scenario: CSV export works when \&apos;All\&apos; state is selected on main view (EPE-1695))" name="When click on CSV export button" time="0"/>
  <testcase classname="Then EcmDetails.xls file download popup is opened(Scenario: CSV export works when \&apos;All\&apos; state is selected on main view (EPE-1695))" name="Then EcmDetails.xls file download popup is opened" time="0"/>
  <testcase classname="EPE-1695" name="Scenario: CSV export works when \&apos;All\&apos; state is selected on main view " time="0.001"/>
  <testcase classname="When change fault state(Scenario: User can update state from main view page (EPE-1694))" name="When change fault state" time="0"/>
  <testcase classname="Then state should be changed immediately(Scenario: User can update state from main view page (EPE-1694))" name="Then state should be changed immediately" time="0"/>
  <testcase classname="EPE-1694" name="Scenario: User can update state from main view page " time="0.001"/>
  <testcase classname="When select first fault item and open details tab(Scenario: Highcharts legend section is out of screen on FDD reports details (EPE-1698))" name="When select first fault item and open details tab" time="0"/>
  <testcase classname="Then highcharts legend section is not shifted down(Scenario: Highcharts legend section is out of screen on FDD reports details (EPE-1698))" name="Then highcharts legend section is not shifted down" time="0.001"/>
  <testcase classname="EPE-1698" name="Scenario: Highcharts legend section is out of screen on FDD reports details " time="0.001"/>
  <testcase classname="When Add \&apos;long text\&apos; comment in Comments(Scenario: Comments tab looks fine in case of \&apos;long\&apos; text message (EPE-1701))" name="When Add \&apos;long text\&apos; comment in Comments" time="0"/>
  <testcase classname="Then Comments properties contained in proper columns(Scenario: Comments tab looks fine in case of \&apos;long\&apos; text message (EPE-1701))" name="Then Comments properties contained in proper columns" time="0"/>
  <testcase classname="EPE-1701" name="Scenario: Comments tab looks fine in case of \&apos;long\&apos; text message " time="0.001"/>
  <testcase classname="When User change the state(Scenario: \&apos;hostname\&apos; column contains real IP address (EPE-1702))" name="When User change the state" time="0.001"/>
  <testcase classname="Then \&apos;hostname\&apos; column contains real IP address instead of \&apos;127.0.0.1\&apos;(Scenario: \&apos;hostname\&apos; column contains real IP address (EPE-1702))" name="Then \&apos;hostname\&apos; column contains real IP address instead of \&apos;127.0.0.1\&apos;" time="0"/>
  <testcase classname="EPE-1702" name="Scenario: \&apos;hostname\&apos; column contains real IP address " time="0.001"/>
  <testcase classname="When User create new comment(Scenario: Correct date is set in popup when user\&apos;s comment has been submitted (EPE-1711))" name="When User create new comment" time="0"/>
  <testcase classname="Then Current date is set in popup when comment has been submitted(Scenario: Correct date is set in popup when user\&apos;s comment has been submitted (EPE-1711))" name="Then Current date is set in popup when comment has been submitted" time="0"/>
  <testcase classname="EPE-1711" name="Scenario: Correct date is set in popup when user\&apos;s comment has been submitted " time="0"/>
  <testcase classname="Given \&apos;State since\&apos; value for the first fault(Scenario: Time-stamp is changed on Details after state was switched from Main view page (EPE-1718))" name="Given \&apos;State since\&apos; value for the first fault" time="0"/>
  <testcase classname="When change the first fault state(Scenario: Time-stamp is changed on Details after state was switched from Main view page (EPE-1718))" name="When change the first fault state" time="0"/>
  <testcase classname="Then compare \&apos;State since\&apos; value was changed(Scenario: Time-stamp is changed on Details after state was switched from Main view page (EPE-1718))" name="Then compare \&apos;State since\&apos; value was changed" time="0"/>
  <testcase classname="EPE-1718" name="Scenario: Time-stamp is changed on Details after state was switched from Main view page " time="0"/>
  <testcase classname="When user opens state drop-down(Scenario: \&apos;change state\&apos; drop-down frame is on screen on the main FDD page (EPE-1720))" name="When user opens state drop-down" time="0"/>
  <testcase classname="Then \&apos;change state\&apos; drop-down frame is on the screen after opening(Scenario: \&apos;change state\&apos; drop-down frame is on screen on the main FDD page (EPE-1720))" name="Then \&apos;change state\&apos; drop-down frame is on the screen after opening" time="0"/>
  <testcase classname="EPE-1720" name="Scenario: \&apos;change state\&apos; drop-down frame is on screen on the main FDD page " time="0"/>
  <testcase classname="Scenario: Comments tab shows alert when user add comment with more than 1000 symbols" name="Given specified \&apos;long\&apos; 1000 symbols string" time="0"/>
  <testcase classname="Scenario: Comments tab shows alert when user add comment with more than 1000 symbols" name="When user submit comment with \&apos;long\&apos; string" time="0"/>
  <testcase classname="Scenario: Comments tab shows alert when user add comment with more than 1000 symbols" name="Then correct error message is raised like \&apos;Comment should be less than 1000 Character\&apos; and comment has not been added" time="0"/>
  <testcase classname="Scenario: Comments tab shows alert when user add comment with more than 1000 symbols" name="Scenario: Comments tab shows alert when user add comment with more than 1000 symbols" time="0"/>
  <testcase classname="Scenario: Close Browser" name="Then driver needs to be closed" time="0"/>
  <testcase classname="Scenario: Close Browser" name="Scenario: Close Browser" time="0.001"/>
</testsuite>